<?xml version="1.0" encoding="UTF-8"?>
<!-- Generated by org.testng.reporters.JUnitReportReporter -->
<testsuite hostname="skumar-pro" name="com.amazon.AmazonUI.AmazonSearchTest" tests="1" failures="0" timestamp="30 Jan 2020 18:22:22 GMT" time="56.963" errors="0">
  <testcase name="bookSearch" time="56.963" classname="com.amazon.AmazonUI.AmazonSearchTest"/>
</testsuite> <!-- com.amazon.AmazonUI.AmazonSearchTest -->
